<?xml version="1.0" encoding="UTF-8"?>
<robot generator="Robot 4.0 (Python 3.6.0 on win32)" generated="20210330 22:40:25.948" rpa="false" schemaversion="2">
<suite id="s1" name="LoginTest" source="C:\Users\user\PycharmProjects\LambdaTestCertificate\TestCase\LoginTest.robot">
<test id="s1-t1" name="Login Test">
<kw name="Set Selenium Implicit Wait" library="SeleniumLibrary">
<arg>2s</arg>
<doc>Sets the implicit wait value used by Selenium.</doc>
<status status="PASS" starttime="20210330 22:40:26.590" endtime="20210330 22:40:26.590"/>
</kw>
<kw name="Get Selenium Implicit Wait" library="SeleniumLibrary">
<doc>Gets the implicit wait value used by Selenium.</doc>
<status status="PASS" starttime="20210330 22:40:26.591" endtime="20210330 22:40:26.591"/>
</kw>
<kw name="Open my browser" library="LoginKeywords">
<arg>${url}</arg>
<arg>${browser}</arg>
<kw name="Open Browser" library="SeleniumLibrary">
<arg>${url}</arg>
<arg>${browser}</arg>
<doc>Opens a new browser instance to the optional ``url``.</doc>
<msg timestamp="20210330 22:40:26.592" level="INFO">Opening browser 'chrome' to base url 'https://www.lambdatest.com/automation-demos/'.</msg>
<status status="PASS" starttime="20210330 22:40:26.592" endtime="20210330 22:40:39.938"/>
</kw>
<kw name="Maximize Browser Window" library="SeleniumLibrary">
<doc>Maximizes current browser window.</doc>
<status status="PASS" starttime="20210330 22:40:39.939" endtime="20210330 22:40:40.092"/>
</kw>
<status status="PASS" starttime="20210330 22:40:26.591" endtime="20210330 22:40:40.093"/>
</kw>
<kw name="Click AcceptTerm" library="LoginKeywords">
<kw name="Click Element" library="SeleniumLibrary">
<arg>${btn_acceptTerm}</arg>
<doc>Click the element identified by ``locator``.</doc>
<msg timestamp="20210330 22:40:40.095" level="INFO">Clicking element 'xpath://div[@class='col-sm-3']/a[@class='cbtn btn_accept_ck']'.</msg>
<status status="PASS" starttime="20210330 22:40:40.094" endtime="20210330 22:40:44.689"/>
</kw>
<status status="PASS" starttime="20210330 22:40:40.093" endtime="20210330 22:40:44.689"/>
</kw>
<kw name="Enter Username" library="LoginKeywords">
<arg>${username}</arg>
<kw name="Input Text" library="SeleniumLibrary">
<arg>${txt_loginUserName}</arg>
<arg>${username}</arg>
<doc>Types the given ``text`` into the text field identified by ``locator``.</doc>
<msg timestamp="20210330 22:40:44.691" level="INFO">Typing text 'lambda' into text field 'id:username'.</msg>
<status status="PASS" starttime="20210330 22:40:44.691" endtime="20210330 22:40:44.792"/>
</kw>
<status status="PASS" starttime="20210330 22:40:44.690" endtime="20210330 22:40:44.792"/>
</kw>
<kw name="Enter Password" library="LoginKeywords">
<arg>${password}</arg>
<kw name="Input Text" library="SeleniumLibrary">
<arg>${txt_loginPassword}</arg>
<arg>${password}</arg>
<doc>Types the given ``text`` into the text field identified by ``locator``.</doc>
<msg timestamp="20210330 22:40:44.794" level="INFO">Typing text 'lambda123' into text field 'id:password'.</msg>
<status status="PASS" starttime="20210330 22:40:44.793" endtime="20210330 22:40:44.902"/>
</kw>
<status status="PASS" starttime="20210330 22:40:44.793" endtime="20210330 22:40:44.902"/>
</kw>
<kw name="Click SignIn" library="LoginKeywords">
<kw name="Click Button" library="SeleniumLibrary">
<arg>${btn_signIn}</arg>
<doc>Clicks the button identified by ``locator``.</doc>
<msg timestamp="20210330 22:40:44.904" level="INFO">Clicking button 'class:applynow'.</msg>
<status status="PASS" starttime="20210330 22:40:44.904" endtime="20210330 22:40:44.997"/>
</kw>
<status status="PASS" starttime="20210330 22:40:44.903" endtime="20210330 22:40:44.997"/>
</kw>
<status status="PASS" starttime="20210330 22:40:26.588" endtime="20210330 22:40:44.998"/>
</test>
<test id="s1-t2" name="Survey Test">
<kw name="Set Selenium Speed" library="SeleniumLibrary">
<arg>0.1</arg>
<doc>Sets the delay that is waited after each Selenium command.</doc>
<status status="PASS" starttime="20210330 22:40:45.001" endtime="20210330 22:40:45.001"/>
</kw>
<kw name="Get Selenium Speed" library="SeleniumLibrary">
<doc>Gets the delay that is waited after each Selenium command.</doc>
<status status="PASS" starttime="20210330 22:40:45.003" endtime="20210330 22:40:45.004"/>
</kw>
<kw name="Enter Mail" library="LoginKeywords">
<arg>${mail_address}</arg>
<kw name="Page Should Contain" library="SeleniumLibrary">
<arg>${login_success}</arg>
<doc>Verifies that current page contains ``text``.</doc>
<msg timestamp="20210330 22:40:45.228" level="INFO">Current page contains text 'Thank You Successully Login!!'.</msg>
<status status="PASS" starttime="20210330 22:40:45.005" endtime="20210330 22:40:45.228"/>
</kw>
<kw name="Wait Until Element Is Visible" library="SeleniumLibrary">
<arg>${txt_mail}</arg>
<arg>2s</arg>
<doc>Waits until the element ``locator`` is visible.</doc>
<status status="PASS" starttime="20210330 22:40:45.228" endtime="20210330 22:40:45.456"/>
</kw>
<kw name="Input Text" library="SeleniumLibrary">
<arg>${txt_mail}</arg>
<arg>${mail_address}</arg>
<doc>Types the given ``text`` into the text field identified by ``locator``.</doc>
<msg timestamp="20210330 22:40:45.457" level="INFO">Typing text 'caliba1324@gmail.com' into text field 'id:developer-name'.</msg>
<status status="PASS" starttime="20210330 22:40:45.456" endtime="20210330 22:40:45.956"/>
</kw>
<status status="PASS" starttime="20210330 22:40:45.004" endtime="20210330 22:40:45.956"/>
</kw>
<kw name="Click Populate" library="LoginKeywords">
<kw name="Page Should Contain Textfield" library="SeleniumLibrary">
<arg>${txt_mail}</arg>
<arg>${mail_address}</arg>
<doc>Verifies text field ``locator`` is found from current page.</doc>
<msg timestamp="20210330 22:40:46.292" level="INFO">Current page contains text field 'id:developer-name'.</msg>
<status status="PASS" starttime="20210330 22:40:45.958" endtime="20210330 22:40:46.292"/>
</kw>
<kw name="Click Button" library="SeleniumLibrary">
<arg>${btn_populate}</arg>
<doc>Clicks the button identified by ``locator``.</doc>
<msg timestamp="20210330 22:40:46.292" level="INFO">Clicking button 'id:populate'.</msg>
<status status="PASS" starttime="20210330 22:40:46.292" endtime="20210330 22:40:46.673"/>
</kw>
<status status="PASS" starttime="20210330 22:40:45.957" endtime="20210330 22:40:46.673"/>
</kw>
<kw name="Sleep" library="BuiltIn">
<arg>1s</arg>
<doc>Pauses the test executed for the given time.</doc>
<msg timestamp="20210330 22:40:47.675" level="INFO">Slept 1 second</msg>
<status status="PASS" starttime="20210330 22:40:46.674" endtime="20210330 22:40:47.675"/>
</kw>
<kw name="Verify Alert" library="LoginKeywords">
<kw name="Alert Should Be Present" library="SeleniumLibrary">
<arg>${mail_address}</arg>
<doc>Verifies that an alert is present and by default, accepts it.</doc>
<msg timestamp="20210330 22:40:47.676" level="INFO">HANDLE::&lt;class 'NoneType'&gt;::None</msg>
<status status="PASS" starttime="20210330 22:40:47.676" endtime="20210330 22:40:47.991"/>
</kw>
<status status="PASS" starttime="20210330 22:40:47.676" endtime="20210330 22:40:47.991"/>
</kw>
<kw name="Click Radio Button Months" library="LoginKeywords">
<kw name="Click Button" library="SeleniumLibrary">
<arg>${btn_months}</arg>
<doc>Clicks the button identified by ``locator``.</doc>
<msg timestamp="20210330 22:40:47.993" level="INFO">Clicking button 'id:month'.</msg>
<status status="PASS" starttime="20210330 22:40:47.993" endtime="20210330 22:40:48.375"/>
</kw>
<status status="PASS" starttime="20210330 22:40:47.992" endtime="20210330 22:40:48.376"/>
</kw>
<kw name="Click CheckBox" library="LoginKeywords">
<kw name="Wait Until Element Is Enabled" library="SeleniumLibrary">
<arg>${btn_months}</arg>
<arg>1s</arg>
<doc>Waits until the element ``locator`` is enabled.</doc>
<status status="PASS" starttime="20210330 22:40:48.377" endtime="20210330 22:40:48.709"/>
</kw>
<kw name="Scroll Element Into View" library="SeleniumLibrary">
<arg>${btn_checkbox}</arg>
<doc>Scrolls the element identified by ``locator`` into view.</doc>
<status status="PASS" starttime="20210330 22:40:48.709" endtime="20210330 22:40:49.203"/>
</kw>
<kw name="Select Checkbox" library="SeleniumLibrary">
<arg>${btn_customer}</arg>
<doc>Selects the checkbox identified by ``locator``.</doc>
<msg timestamp="20210330 22:40:49.204" level="INFO">Selecting checkbox 'id:customer-service'.</msg>
<status status="PASS" starttime="20210330 22:40:49.203" endtime="20210330 22:40:49.794"/>
</kw>
<kw name="Select Checkbox" library="SeleniumLibrary">
<arg>${btn_discounts}</arg>
<doc>Selects the checkbox identified by ``locator``.</doc>
<msg timestamp="20210330 22:40:49.795" level="INFO">Selecting checkbox 'id:discounts'.</msg>
<status status="PASS" starttime="20210330 22:40:49.794" endtime="20210330 22:40:50.398"/>
</kw>
<kw name="Wait Until Element Contains" library="SeleniumLibrary">
<arg>${btn_dropdown}</arg>
<arg>${txt_options}</arg>
<arg>1s</arg>
<doc>Waits until the element ``locator`` contains ``text``.</doc>
<status status="PASS" starttime="20210330 22:40:50.398" endtime="20210330 22:40:50.629"/>
</kw>
<status status="PASS" starttime="20210330 22:40:48.376" endtime="20210330 22:40:50.629"/>
</kw>
<kw name="Click DropDown List" library="LoginKeywords">
<arg>${txt_options}</arg>
<kw name="Page Should Contain List" library="SeleniumLibrary">
<arg>${btn_dropdown}</arg>
<doc>Verifies selection list ``locator`` is found from current page.</doc>
<msg timestamp="20210330 22:40:50.853" level="INFO">Current page contains list 'id:preferred-payment'.</msg>
<status status="PASS" starttime="20210330 22:40:50.630" endtime="20210330 22:40:50.853"/>
</kw>
<kw name="Select From List By Label" library="SeleniumLibrary">
<arg>${btn_dropdown}</arg>
<arg>${txt_options}</arg>
<doc>Selects options from selection list ``locator`` by ``labels``.</doc>
<msg timestamp="20210330 22:40:50.855" level="INFO">Selecting options from selection list 'id:preferred-payment' by label Wallets.</msg>
<status status="PASS" starttime="20210330 22:40:50.854" endtime="20210330 22:40:51.673"/>
</kw>
<status status="PASS" starttime="20210330 22:40:50.630" endtime="20210330 22:40:51.674"/>
</kw>
<kw name="Verify CheckBox" library="LoginKeywords">
<kw name="Select Checkbox" library="SeleniumLibrary">
<arg>${btn_checkbox}</arg>
<doc>Selects the checkbox identified by ``locator``.</doc>
<msg timestamp="20210330 22:40:51.676" level="INFO">Selecting checkbox 'id:tried-ecom'.</msg>
<status status="PASS" starttime="20210330 22:40:51.675" endtime="20210330 22:40:52.264"/>
</kw>
<kw name="Wait Until Element Is Enabled" library="SeleniumLibrary">
<arg>${btn_checkbox}</arg>
<arg>2s</arg>
<doc>Waits until the element ``locator`` is enabled.</doc>
<status status="PASS" starttime="20210330 22:40:52.264" endtime="20210330 22:40:52.602"/>
</kw>
<status status="PASS" starttime="20210330 22:40:51.675" endtime="20210330 22:40:52.602"/>
</kw>
<kw name="Move Slider" library="LoginKeywords">
<arg>${X_offset}</arg>
<arg>${Y_offset}</arg>
<kw name="Scroll Element Into View" library="SeleniumLibrary">
<arg>${txt_feedback}</arg>
<doc>Scrolls the element identified by ``locator`` into view.</doc>
<status status="PASS" starttime="20210330 22:40:52.605" endtime="20210330 22:40:53.083"/>
</kw>
<kw name="Drag And Drop By Offset" library="SeleniumLibrary">
<arg>${locator}</arg>
<arg>${X_offset}</arg>
<arg>${Y_offset}</arg>
<doc>Drags the element identified with ``locator`` by ``xoffset/yoffset``.</doc>
<status status="PASS" starttime="20210330 22:40:53.083" endtime="20210330 22:40:53.839"/>
</kw>
<status status="PASS" starttime="20210330 22:40:52.603" endtime="20210330 22:40:53.839"/>
</kw>
<kw name="Share Feedback" library="LoginKeywords">
<arg>${comment}</arg>
<kw name="Input Text" library="SeleniumLibrary">
<arg>${txt_feedback}</arg>
<arg>${comment}</arg>
<doc>Types the given ``text`` into the text field identified by ``locator``.</doc>
<msg timestamp="20210330 22:40:53.840" level="INFO">Typing text 'feedback' into text field 'id:comments'.</msg>
<status status="PASS" starttime="20210330 22:40:53.840" endtime="20210330 22:40:54.237"/>
</kw>
<kw name="Page Should Contain Element" library="SeleniumLibrary">
<arg>${txt_feedback}</arg>
<arg>${comment}</arg>
<doc>Verifies that element ``locator`` is found on the current page.</doc>
<msg timestamp="20210330 22:40:54.348" level="INFO">Current page contains element 'id:comments'.</msg>
<status status="PASS" starttime="20210330 22:40:54.237" endtime="20210330 22:40:54.348"/>
</kw>
<status status="PASS" starttime="20210330 22:40:53.839" endtime="20210330 22:40:54.348"/>
</kw>
<kw name="Open new tab" library="LoginKeywords">
<kw name="Press Combination" library="ImageHorizonLibrary">
<arg>Key.CTRL</arg>
<arg>Key.T</arg>
<doc>Press given keyboard keys.</doc>
<status status="PASS" starttime="20210330 22:40:54.349" endtime="20210330 22:40:54.454"/>
</kw>
<status status="PASS" starttime="20210330 22:40:54.349" endtime="20210330 22:40:54.454"/>
</kw>
<kw name="Sleep" library="BuiltIn">
<arg>2 seconds</arg>
<doc>Pauses the test executed for the given time.</doc>
<msg timestamp="20210330 22:40:56.458" level="INFO">Slept 2 seconds</msg>
<status status="PASS" starttime="20210330 22:40:54.455" endtime="20210330 22:40:56.458"/>
</kw>
<kw name="Get Window Handles" library="SeleniumLibrary">
<var>${WindowHandles}</var>
<doc>Returns all child window handles of the selected browser as a list.</doc>
<msg timestamp="20210330 22:40:56.563" level="INFO">${WindowHandles} = ['CDwindow-7F997A98A4FAC06B93428079A210AE07', 'CDwindow-F3DFBA2B50E7D5CC25CA44BCA66DC19C']</msg>
<status status="PASS" starttime="20210330 22:40:56.459" endtime="20210330 22:40:56.563"/>
</kw>
<kw name="Switch Window" library="SeleniumLibrary">
<arg>${WindowHandles}[1]</arg>
<doc>Switches to browser window matching ``locator``.</doc>
<status status="PASS" starttime="20210330 22:40:56.564" endtime="20210330 22:40:57.551"/>
</kw>
<kw name="Log" library="BuiltIn">
<arg>${WindowHandles}</arg>
<doc>Logs the given message with the given level.</doc>
<msg timestamp="20210330 22:40:57.553" level="INFO">['CDwindow-7F997A98A4FAC06B93428079A210AE07', 'CDwindow-F3DFBA2B50E7D5CC25CA44BCA66DC19C']</msg>
<status status="PASS" starttime="20210330 22:40:57.552" endtime="20210330 22:40:57.553"/>
</kw>
<kw name="Sleep" library="BuiltIn">
<arg>1s</arg>
<doc>Pauses the test executed for the given time.</doc>
<msg timestamp="20210330 22:40:58.557" level="INFO">Slept 1 second</msg>
<status status="PASS" starttime="20210330 22:40:57.554" endtime="20210330 22:40:58.557"/>
</kw>
<kw name="Open second browser" library="LoginKeywords">
<kw name="Go To" library="SeleniumLibrary">
<arg>${url2}</arg>
<doc>Navigates the current browser window to the provided ``url``.</doc>
<msg timestamp="20210330 22:40:58.559" level="INFO">Opening url 'https://www.lambdatest.com/selenium-automation'</msg>
<status status="PASS" starttime="20210330 22:40:58.559" endtime="20210330 22:41:00.583"/>
</kw>
<status status="PASS" starttime="20210330 22:40:58.558" endtime="20210330 22:41:00.584"/>
</kw>
<kw name="Click AcceptTerm" library="LoginKeywords">
<kw name="Click Element" library="SeleniumLibrary">
<arg>${btn_acceptTerm}</arg>
<doc>Click the element identified by ``locator``.</doc>
<msg timestamp="20210330 22:41:00.587" level="INFO">Clicking element 'xpath://div[@class='col-sm-3']/a[@class='cbtn btn_accept_ck']'.</msg>
<status status="PASS" starttime="20210330 22:41:00.586" endtime="20210330 22:41:00.939"/>
</kw>
<status status="PASS" starttime="20210330 22:41:00.585" endtime="20210330 22:41:00.939"/>
</kw>
<kw name="Download Image" library="LoginKeywords">
<kw name="Mouse Down On Image" library="SeleniumLibrary">
<arg>${image}</arg>
<doc>Simulates a mouse down event on an image identified by ``locator``.</doc>
<status status="PASS" starttime="20210330 22:41:00.941" endtime="20210330 22:41:01.577"/>
</kw>
<kw name="Page Should Contain Image" library="SeleniumLibrary">
<arg>${image}</arg>
<doc>Verifies image identified by ``locator`` is found from current page.</doc>
<msg timestamp="20210330 22:41:01.801" level="INFO">Current page contains image 'xpath://img[@alt='LambdaTest Jenkins integration']'.</msg>
<status status="PASS" starttime="20210330 22:41:01.577" endtime="20210330 22:41:01.801"/>
</kw>
<kw name="Wait Until Element Is Visible" library="SeleniumLibrary">
<arg>${image}</arg>
<arg>2s</arg>
<doc>Waits until the element ``locator`` is visible.</doc>
<status status="PASS" starttime="20210330 22:41:01.801" endtime="20210330 22:41:02.032"/>
</kw>
<kw name="Get Element Attribute" library="SeleniumLibrary">
<var>${image_url}</var>
<arg>${image}</arg>
<arg>${image_src}</arg>
<doc>Returns the value of ``attribute`` from the element ``locator``.</doc>
<msg timestamp="20210330 22:41:02.253" level="INFO">${image_url} = https://cdn.lambdatest.com/assets_black_theme/images/selenium/jenkins.svg</msg>
<status status="PASS" starttime="20210330 22:41:02.032" endtime="20210330 22:41:02.253"/>
</kw>
<kw name="Log To Console" library="BuiltIn">
<arg>${image_url}</arg>
<doc>Logs the given message to the console.</doc>
<status status="PASS" starttime="20210330 22:41:02.253" endtime="20210330 22:41:02.254"/>
</kw>
<kw name="Run Process" library="Process">
<arg>curl</arg>
<arg>-o</arg>
<arg>jenkins.svg</arg>
<arg>${image_url}</arg>
<doc>Runs a process and waits for it to complete.</doc>
<msg timestamp="20210330 22:41:02.255" level="INFO">Starting process:
curl -o jenkins.svg https://cdn.lambdatest.com/assets_black_theme/images/selenium/jenkins.svg</msg>
<msg timestamp="20210330 22:41:02.258" level="INFO">Waiting for process to complete.</msg>
<msg timestamp="20210330 22:41:03.084" level="INFO">Process completed.</msg>
<status status="PASS" starttime="20210330 22:41:02.254" endtime="20210330 22:41:03.084"/>
</kw>
<status status="PASS" starttime="20210330 22:41:00.940" endtime="20210330 22:41:03.085"/>
</kw>
<kw name="Switch Window" library="SeleniumLibrary">
<arg>${WindowHandles}[0]</arg>
<doc>Switches to browser window matching ``locator``.</doc>
<status status="PASS" starttime="20210330 22:41:03.086" endtime="20210330 22:41:03.511"/>
</kw>
<kw name="Log" library="BuiltIn">
<arg>${WindowHandles}</arg>
<doc>Logs the given message with the given level.</doc>
<msg timestamp="20210330 22:41:03.512" level="INFO">['CDwindow-7F997A98A4FAC06B93428079A210AE07', 'CDwindow-F3DFBA2B50E7D5CC25CA44BCA66DC19C']</msg>
<status status="PASS" starttime="20210330 22:41:03.512" endtime="20210330 22:41:03.512"/>
</kw>
<kw name="Scroll and Wait" library="LoginKeywords">
<kw name="Scroll Element Into View" library="SeleniumLibrary">
<arg>${submit}</arg>
<doc>Scrolls the element identified by ``locator`` into view.</doc>
<status status="PASS" starttime="20210330 22:41:03.513" endtime="20210330 22:41:04.003"/>
</kw>
<kw name="Wait Until Element Is Visible" library="SeleniumLibrary">
<arg>${upload_image}</arg>
<arg>2s</arg>
<doc>Waits until the element ``locator`` is visible.</doc>
<status status="PASS" starttime="20210330 22:41:04.003" endtime="20210330 22:41:04.238"/>
</kw>
<status status="PASS" starttime="20210330 22:41:03.513" endtime="20210330 22:41:04.238"/>
</kw>
<kw name="Upload Image" library="LoginKeywords">
<kw name="Choose File" library="SeleniumLibrary">
<arg>${file_path}</arg>
<arg>${image_path}</arg>
<doc>Inputs the ``file_path`` into the file input field ``locator``.</doc>
<msg timestamp="20210330 22:41:04.240" level="INFO">Sending C:\Users\user\PycharmProjects\LambdaTestCertificate\jenkins.svg to browser.</msg>
<status status="PASS" starttime="20210330 22:41:04.239" endtime="20210330 22:41:04.502"/>
</kw>
<status status="PASS" starttime="20210330 22:41:04.239" endtime="20210330 22:41:04.503"/>
</kw>
<kw name="Sleep" library="BuiltIn">
<arg>2s</arg>
<doc>Pauses the test executed for the given time.</doc>
<msg timestamp="20210330 22:41:06.505" level="INFO">Slept 2 seconds</msg>
<status status="PASS" starttime="20210330 22:41:04.504" endtime="20210330 22:41:06.505"/>
</kw>
<kw name="Verify Image Alert" library="LoginKeywords">
<kw name="Alert Should Be Present" library="SeleniumLibrary">
<arg>${image_title}</arg>
<doc>Verifies that an alert is present and by default, accepts it.</doc>
<msg timestamp="20210330 22:41:06.507" level="INFO">HANDLE::&lt;class 'NoneType'&gt;::None</msg>
<status status="PASS" starttime="20210330 22:41:06.507" endtime="20210330 22:41:06.819"/>
</kw>
<status status="PASS" starttime="20210330 22:41:06.506" endtime="20210330 22:41:06.819"/>
</kw>
<kw name="Click Submit Button" library="LoginKeywords">
<kw name="Wait Until Element Is Visible" library="SeleniumLibrary">
<arg>${submit}</arg>
<doc>Waits until the element ``locator`` is visible.</doc>
<status status="PASS" starttime="20210330 22:41:06.821" endtime="20210330 22:41:07.053"/>
</kw>
<kw name="Click Button" library="SeleniumLibrary">
<arg>${submit}</arg>
<doc>Clicks the button identified by ``locator``.</doc>
<msg timestamp="20210330 22:41:07.053" level="INFO">Clicking button 'id:submit-button'.</msg>
<status status="PASS" starttime="20210330 22:41:07.053" endtime="20210330 22:41:07.640"/>
</kw>
<status status="PASS" starttime="20210330 22:41:06.820" endtime="20210330 22:41:07.640"/>
</kw>
<kw name="Verify Submit Form Message" library="LoginKeywords">
<kw name="Scroll Element Into View" library="SeleniumLibrary">
<arg>${form_title}</arg>
<doc>Scrolls the element identified by ``locator`` into view.</doc>
<status status="PASS" starttime="20210330 22:41:07.641" endtime="20210330 22:41:08.136"/>
</kw>
<kw name="Wait Until Page Contains" library="SeleniumLibrary">
<arg>${verify_submitMessage}</arg>
<arg>2s</arg>
<doc>Waits until ``text`` appears on the current page.</doc>
<status status="PASS" starttime="20210330 22:41:08.137" endtime="20210330 22:41:08.251"/>
</kw>
<kw name="Close All Browsers" library="SeleniumLibrary">
<doc>Closes all open browsers and resets the browser cache.</doc>
<status status="PASS" starttime="20210330 22:41:08.251" endtime="20210330 22:41:10.529"/>
</kw>
<status status="PASS" starttime="20210330 22:41:07.641" endtime="20210330 22:41:10.529"/>
</kw>
<status status="PASS" starttime="20210330 22:40:45.000" endtime="20210330 22:41:10.530"/>
</test>
<status status="PASS" starttime="20210330 22:40:25.950" endtime="20210330 22:41:10.532"/>
</suite>
<statistics>
<total>
<stat pass="2" fail="0" skip="0">All Tests</stat>
</total>
<tag>
</tag>
<suite>
<stat pass="2" fail="0" skip="0" id="s1" name="LoginTest">LoginTest</stat>
</suite>
</statistics>
<errors>
</errors>
</robot>
