<?xml version="1.0" encoding="UTF-8"?>
<robot generator="Robot 4.0 (Python 3.6.0 on win32)" generated="20210330 22:22:57.780" rpa="false" schemaversion="2">
<suite id="s1" name="Logintest" source="C:\Users\user\PycharmProjects\LambdaTestCertificate\TestCase\Logintest.robot">
<test id="s1-t1" name="Login Test">
<kw name="Open my browser" library="LoginKeywords">
<arg>${url}</arg>
<arg>${browser}</arg>
<kw name="Open Browser" library="SeleniumLibrary">
<arg>${url}</arg>
<arg>${browser}</arg>
<doc>Opens a new browser instance to the optional ``url``.</doc>
<msg timestamp="20210330 22:22:58.401" level="INFO">Opening browser 'chrome' to base url 'https://www.lambdatest.com/automation-demos/'.</msg>
<status status="PASS" starttime="20210330 22:22:58.400" endtime="20210330 22:23:08.158"/>
</kw>
<kw name="Maximize Browser Window" library="SeleniumLibrary">
<doc>Maximizes current browser window.</doc>
<status status="PASS" starttime="20210330 22:23:08.159" endtime="20210330 22:23:08.314"/>
</kw>
<status status="PASS" starttime="20210330 22:22:58.399" endtime="20210330 22:23:08.314"/>
</kw>
<kw name="Click AcceptTerm" library="LoginKeywords">
<kw name="Click Element" library="SeleniumLibrary">
<arg>${btn_acceptTerm}</arg>
<doc>Click the element identified by ``locator``.</doc>
<msg timestamp="20210330 22:23:08.316" level="INFO">Clicking element 'xpath://div[@class='col-sm-3']/a[@class='cbtn btn_accept_ck']'.</msg>
<status status="PASS" starttime="20210330 22:23:08.315" endtime="20210330 22:23:10.060"/>
</kw>
<status status="PASS" starttime="20210330 22:23:08.315" endtime="20210330 22:23:10.060"/>
</kw>
<kw name="Enter Username" library="LoginKeywords">
<arg>${username}</arg>
<kw name="Input Text" library="SeleniumLibrary">
<arg>${txt_loginUserName}</arg>
<arg>${username}</arg>
<doc>Types the given ``text`` into the text field identified by ``locator``.</doc>
<msg timestamp="20210330 22:23:10.063" level="INFO">Typing text 'lambda' into text field 'id:username'.</msg>
<status status="PASS" starttime="20210330 22:23:10.062" endtime="20210330 22:23:10.165"/>
</kw>
<status status="PASS" starttime="20210330 22:23:10.062" endtime="20210330 22:23:10.166"/>
</kw>
<kw name="Enter Password" library="LoginKeywords">
<arg>${password}</arg>
<kw name="Input Text" library="SeleniumLibrary">
<arg>${txt_loginPassword}</arg>
<arg>${password}</arg>
<doc>Types the given ``text`` into the text field identified by ``locator``.</doc>
<msg timestamp="20210330 22:23:10.167" level="INFO">Typing text 'lambda123' into text field 'id:password'.</msg>
<status status="PASS" starttime="20210330 22:23:10.167" endtime="20210330 22:23:10.267"/>
</kw>
<status status="PASS" starttime="20210330 22:23:10.166" endtime="20210330 22:23:10.267"/>
</kw>
<kw name="Click SignIn" library="LoginKeywords">
<kw name="Click Button" library="SeleniumLibrary">
<arg>${btn_signIn}</arg>
<doc>Clicks the button identified by ``locator``.</doc>
<msg timestamp="20210330 22:23:10.268" level="INFO">Clicking button 'class:applynow'.</msg>
<status status="PASS" starttime="20210330 22:23:10.268" endtime="20210330 22:23:10.360"/>
</kw>
<status status="PASS" starttime="20210330 22:23:10.267" endtime="20210330 22:23:10.360"/>
</kw>
<status status="PASS" starttime="20210330 22:22:58.397" endtime="20210330 22:23:10.361"/>
</test>
<test id="s1-t2" name="Survey Test">
<kw name="Set Selenium Speed" library="SeleniumLibrary">
<arg>0.1</arg>
<doc>Sets the delay that is waited after each Selenium command.</doc>
<status status="PASS" starttime="20210330 22:23:10.363" endtime="20210330 22:23:10.363"/>
</kw>
<kw name="Get Selenium Speed" library="SeleniumLibrary">
<doc>Gets the delay that is waited after each Selenium command.</doc>
<status status="PASS" starttime="20210330 22:23:10.364" endtime="20210330 22:23:10.364"/>
</kw>
<kw name="Enter Mail" library="LoginKeywords">
<arg>${mail_address}</arg>
<kw name="Page Should Contain" library="SeleniumLibrary">
<arg>${login_success}</arg>
<doc>Verifies that current page contains ``text``.</doc>
<msg timestamp="20210330 22:23:10.588" level="INFO">Current page contains text 'Thank You Successully Login!!'.</msg>
<status status="PASS" starttime="20210330 22:23:10.365" endtime="20210330 22:23:10.588"/>
</kw>
<kw name="Wait Until Element Is Visible" library="SeleniumLibrary">
<arg>${txt_mail}</arg>
<arg>2s</arg>
<doc>Waits until the element ``locator`` is visible.</doc>
<status status="PASS" starttime="20210330 22:23:10.588" endtime="20210330 22:23:10.818"/>
</kw>
<kw name="Input Text" library="SeleniumLibrary">
<arg>${txt_mail}</arg>
<arg>${mail_address}</arg>
<doc>Types the given ``text`` into the text field identified by ``locator``.</doc>
<msg timestamp="20210330 22:23:10.819" level="INFO">Typing text 'caliba1324@gmail.com' into text field 'id:developer-name'.</msg>
<status status="PASS" starttime="20210330 22:23:10.818" endtime="20210330 22:23:11.248"/>
</kw>
<status status="PASS" starttime="20210330 22:23:10.365" endtime="20210330 22:23:11.248"/>
</kw>
<kw name="Click Populate" library="LoginKeywords">
<kw name="Page Should Contain Textfield" library="SeleniumLibrary">
<arg>${txt_mail}</arg>
<arg>${mail_address}</arg>
<doc>Verifies text field ``locator`` is found from current page.</doc>
<msg timestamp="20210330 22:23:11.575" level="INFO">Current page contains text field 'id:developer-name'.</msg>
<status status="PASS" starttime="20210330 22:23:11.249" endtime="20210330 22:23:11.575"/>
</kw>
<kw name="Click Button" library="SeleniumLibrary">
<arg>${btn_populate}</arg>
<doc>Clicks the button identified by ``locator``.</doc>
<msg timestamp="20210330 22:23:11.576" level="INFO">Clicking button 'id:populate'.</msg>
<status status="PASS" starttime="20210330 22:23:11.576" endtime="20210330 22:23:11.946"/>
</kw>
<status status="PASS" starttime="20210330 22:23:11.249" endtime="20210330 22:23:11.947"/>
</kw>
<kw name="Sleep" library="BuiltIn">
<arg>1s</arg>
<doc>Pauses the test executed for the given time.</doc>
<msg timestamp="20210330 22:23:12.951" level="INFO">Slept 1 second</msg>
<status status="PASS" starttime="20210330 22:23:11.948" endtime="20210330 22:23:12.951"/>
</kw>
<kw name="Verify Alert" library="LoginKeywords">
<kw name="Alert Should Be Present" library="SeleniumLibrary">
<arg>${mail_address}</arg>
<doc>Verifies that an alert is present and by default, accepts it.</doc>
<msg timestamp="20210330 22:23:12.952" level="INFO">HANDLE::&lt;class 'NoneType'&gt;::None</msg>
<status status="PASS" starttime="20210330 22:23:12.952" endtime="20210330 22:23:13.262"/>
</kw>
<status status="PASS" starttime="20210330 22:23:12.952" endtime="20210330 22:23:13.262"/>
</kw>
<kw name="Click Radio Button Months" library="LoginKeywords">
<kw name="Click Button" library="SeleniumLibrary">
<arg>${btn_months}</arg>
<doc>Clicks the button identified by ``locator``.</doc>
<msg timestamp="20210330 22:23:13.265" level="INFO">Clicking button 'id:month'.</msg>
<status status="PASS" starttime="20210330 22:23:13.264" endtime="20210330 22:23:13.672"/>
</kw>
<status status="PASS" starttime="20210330 22:23:13.263" endtime="20210330 22:23:13.672"/>
</kw>
<kw name="Click CheckBox" library="LoginKeywords">
<kw name="Wait Until Element Is Enabled" library="SeleniumLibrary">
<arg>${btn_months}</arg>
<arg>1s</arg>
<doc>Waits until the element ``locator`` is enabled.</doc>
<status status="PASS" starttime="20210330 22:23:13.674" endtime="20210330 22:23:14.021"/>
</kw>
<kw name="Scroll Element Into View" library="SeleniumLibrary">
<arg>${btn_dropdown}</arg>
<doc>Scrolls the element identified by ``locator`` into view.</doc>
<status status="PASS" starttime="20210330 22:23:14.021" endtime="20210330 22:23:14.507"/>
</kw>
<kw name="Select Checkbox" library="SeleniumLibrary">
<arg>${btn_customer}</arg>
<doc>Selects the checkbox identified by ``locator``.</doc>
<msg timestamp="20210330 22:23:14.508" level="INFO">Selecting checkbox 'id:customer-service'.</msg>
<status status="PASS" starttime="20210330 22:23:14.507" endtime="20210330 22:23:15.125"/>
</kw>
<kw name="Select Checkbox" library="SeleniumLibrary">
<arg>${btn_discounts}</arg>
<doc>Selects the checkbox identified by ``locator``.</doc>
<msg timestamp="20210330 22:23:15.127" level="INFO">Selecting checkbox 'id:discounts'.</msg>
<status status="PASS" starttime="20210330 22:23:15.125" endtime="20210330 22:23:15.713"/>
</kw>
<kw name="Wait Until Element Contains" library="SeleniumLibrary">
<arg>${btn_dropdown}</arg>
<arg>${txt_options}</arg>
<arg>1s</arg>
<doc>Waits until the element ``locator`` contains ``text``.</doc>
<status status="PASS" starttime="20210330 22:23:15.713" endtime="20210330 22:23:15.936"/>
</kw>
<status status="PASS" starttime="20210330 22:23:13.673" endtime="20210330 22:23:15.936"/>
</kw>
<kw name="Click DropDown List" library="LoginKeywords">
<arg>${txt_options}</arg>
<kw name="Page Should Contain List" library="SeleniumLibrary">
<arg>${btn_dropdown}</arg>
<doc>Verifies selection list ``locator`` is found from current page.</doc>
<msg timestamp="20210330 22:23:16.165" level="INFO">Current page contains list 'id:preferred-payment'.</msg>
<status status="PASS" starttime="20210330 22:23:15.938" endtime="20210330 22:23:16.165"/>
</kw>
<kw name="Select From List By Label" library="SeleniumLibrary">
<arg>${btn_dropdown}</arg>
<arg>${txt_options}</arg>
<doc>Selects options from selection list ``locator`` by ``labels``.</doc>
<msg timestamp="20210330 22:23:16.166" level="INFO">Selecting options from selection list 'id:preferred-payment' by label Wallets.</msg>
<status status="PASS" starttime="20210330 22:23:16.165" endtime="20210330 22:23:16.957"/>
</kw>
<status status="PASS" starttime="20210330 22:23:15.937" endtime="20210330 22:23:16.957"/>
</kw>
<kw name="Verify CheckBox" library="LoginKeywords">
<kw name="Select Checkbox" library="SeleniumLibrary">
<arg>${btn_checkbox}</arg>
<doc>Selects the checkbox identified by ``locator``.</doc>
<msg timestamp="20210330 22:23:16.959" level="INFO">Selecting checkbox 'id:tried-ecom'.</msg>
<status status="PASS" starttime="20210330 22:23:16.959" endtime="20210330 22:23:17.548"/>
</kw>
<kw name="Wait Until Element Is Enabled" library="SeleniumLibrary">
<arg>${btn_checkbox}</arg>
<arg>2s</arg>
<doc>Waits until the element ``locator`` is enabled.</doc>
<status status="PASS" starttime="20210330 22:23:17.548" endtime="20210330 22:23:17.878"/>
</kw>
<status status="PASS" starttime="20210330 22:23:16.958" endtime="20210330 22:23:17.878"/>
</kw>
<kw name="Move Slider" library="LoginKeywords">
<arg>${X_offset}</arg>
<arg>${Y_offset}</arg>
<kw name="Drag And Drop By Offset" library="SeleniumLibrary">
<arg>${locator}</arg>
<arg>${X_offset}</arg>
<arg>${Y_offset}</arg>
<doc>Drags the element identified with ``locator`` by ``xoffset/yoffset``.</doc>
<status status="PASS" starttime="20210330 22:23:17.880" endtime="20210330 22:23:18.631"/>
</kw>
<status status="PASS" starttime="20210330 22:23:17.879" endtime="20210330 22:23:18.631"/>
</kw>
<kw name="Share Feedback" library="LoginKeywords">
<arg>${comment}</arg>
<kw name="Input Text" library="SeleniumLibrary">
<arg>${txt_feedback}</arg>
<arg>${comment}</arg>
<doc>Types the given ``text`` into the text field identified by ``locator``.</doc>
<msg timestamp="20210330 22:23:18.635" level="INFO">Typing text 'feedback' into text field 'id:comments'.</msg>
<status status="PASS" starttime="20210330 22:23:18.635" endtime="20210330 22:23:19.035"/>
</kw>
<kw name="Page Should Contain Element" library="SeleniumLibrary">
<arg>${txt_feedback}</arg>
<arg>${comment}</arg>
<doc>Verifies that element ``locator`` is found on the current page.</doc>
<msg timestamp="20210330 22:23:19.145" level="INFO">Current page contains element 'id:comments'.</msg>
<status status="PASS" starttime="20210330 22:23:19.035" endtime="20210330 22:23:19.145"/>
</kw>
<status status="PASS" starttime="20210330 22:23:18.634" endtime="20210330 22:23:19.145"/>
</kw>
<kw name="Open new tab" library="LoginKeywords">
<kw name="Press Combination" library="ImageHorizonLibrary">
<arg>Key.CTRL</arg>
<arg>Key.T</arg>
<doc>Press given keyboard keys.</doc>
<status status="PASS" starttime="20210330 22:23:19.146" endtime="20210330 22:23:19.250"/>
</kw>
<status status="PASS" starttime="20210330 22:23:19.146" endtime="20210330 22:23:19.251"/>
</kw>
<kw name="Sleep" library="BuiltIn">
<arg>2 seconds</arg>
<doc>Pauses the test executed for the given time.</doc>
<msg timestamp="20210330 22:23:21.254" level="INFO">Slept 2 seconds</msg>
<status status="PASS" starttime="20210330 22:23:19.251" endtime="20210330 22:23:21.254"/>
</kw>
<kw name="Get Window Handles" library="SeleniumLibrary">
<var>${WindowHandles}</var>
<doc>Returns all child window handles of the selected browser as a list.</doc>
<msg timestamp="20210330 22:23:21.360" level="INFO">${WindowHandles} = ['CDwindow-495981320814122A45C76B92E442E3DD', 'CDwindow-B41521BD7292561933B2DF4CAA5694BA']</msg>
<status status="PASS" starttime="20210330 22:23:21.255" endtime="20210330 22:23:21.360"/>
</kw>
<kw name="Switch Window" library="SeleniumLibrary">
<arg>${WindowHandles}[1]</arg>
<doc>Switches to browser window matching ``locator``.</doc>
<status status="PASS" starttime="20210330 22:23:21.361" endtime="20210330 22:23:22.336"/>
</kw>
<kw name="Log" library="BuiltIn">
<arg>${WindowHandles}</arg>
<doc>Logs the given message with the given level.</doc>
<msg timestamp="20210330 22:23:22.337" level="INFO">['CDwindow-495981320814122A45C76B92E442E3DD', 'CDwindow-B41521BD7292561933B2DF4CAA5694BA']</msg>
<status status="PASS" starttime="20210330 22:23:22.336" endtime="20210330 22:23:22.337"/>
</kw>
<kw name="Sleep" library="BuiltIn">
<arg>1s</arg>
<doc>Pauses the test executed for the given time.</doc>
<msg timestamp="20210330 22:23:23.339" level="INFO">Slept 1 second</msg>
<status status="PASS" starttime="20210330 22:23:22.337" endtime="20210330 22:23:23.339"/>
</kw>
<kw name="Open second browser" library="LoginKeywords">
<kw name="Go To" library="SeleniumLibrary">
<arg>${url2}</arg>
<doc>Navigates the current browser window to the provided ``url``.</doc>
<msg timestamp="20210330 22:23:23.340" level="INFO">Opening url 'https://www.lambdatest.com/selenium-automation'</msg>
<status status="PASS" starttime="20210330 22:23:23.340" endtime="20210330 22:23:25.665"/>
</kw>
<status status="PASS" starttime="20210330 22:23:23.340" endtime="20210330 22:23:25.665"/>
</kw>
<kw name="Click AcceptTerm" library="LoginKeywords">
<kw name="Click Element" library="SeleniumLibrary">
<arg>${btn_acceptTerm}</arg>
<doc>Click the element identified by ``locator``.</doc>
<msg timestamp="20210330 22:23:25.667" level="INFO">Clicking element 'xpath://div[@class='col-sm-3']/a[@class='cbtn btn_accept_ck']'.</msg>
<status status="PASS" starttime="20210330 22:23:25.667" endtime="20210330 22:23:25.998"/>
</kw>
<status status="PASS" starttime="20210330 22:23:25.666" endtime="20210330 22:23:25.998"/>
</kw>
<kw name="Download Image" library="LoginKeywords">
<kw name="Mouse Down On Image" library="SeleniumLibrary">
<arg>${image}</arg>
<doc>Simulates a mouse down event on an image identified by ``locator``.</doc>
<status status="PASS" starttime="20210330 22:23:26.000" endtime="20210330 22:23:26.617"/>
</kw>
<kw name="Page Should Contain Image" library="SeleniumLibrary">
<arg>${image}</arg>
<doc>Verifies image identified by ``locator`` is found from current page.</doc>
<msg timestamp="20210330 22:23:26.846" level="INFO">Current page contains image 'xpath://img[@alt='LambdaTest Jenkins integration']'.</msg>
<status status="PASS" starttime="20210330 22:23:26.617" endtime="20210330 22:23:26.846"/>
</kw>
<kw name="Wait Until Element Is Visible" library="SeleniumLibrary">
<arg>${image}</arg>
<arg>2s</arg>
<doc>Waits until the element ``locator`` is visible.</doc>
<status status="PASS" starttime="20210330 22:23:26.847" endtime="20210330 22:23:27.089"/>
</kw>
<kw name="Get Element Attribute" library="SeleniumLibrary">
<var>${image_url}</var>
<arg>${image}</arg>
<arg>${image_src}</arg>
<doc>Returns the value of ``attribute`` from the element ``locator``.</doc>
<msg timestamp="20210330 22:23:27.316" level="INFO">${image_url} = https://cdn.lambdatest.com/assets_black_theme/images/selenium/jenkins.svg</msg>
<status status="PASS" starttime="20210330 22:23:27.089" endtime="20210330 22:23:27.316"/>
</kw>
<kw name="Log To Console" library="BuiltIn">
<arg>${image_url}</arg>
<doc>Logs the given message to the console.</doc>
<status status="PASS" starttime="20210330 22:23:27.316" endtime="20210330 22:23:27.317"/>
</kw>
<kw name="Run Process" library="Process">
<arg>curl</arg>
<arg>-o</arg>
<arg>jenkins.svg</arg>
<arg>${image_url}</arg>
<doc>Runs a process and waits for it to complete.</doc>
<msg timestamp="20210330 22:23:27.317" level="INFO">Starting process:
curl -o jenkins.svg https://cdn.lambdatest.com/assets_black_theme/images/selenium/jenkins.svg</msg>
<msg timestamp="20210330 22:23:27.321" level="INFO">Waiting for process to complete.</msg>
<msg timestamp="20210330 22:23:28.303" level="INFO">Process completed.</msg>
<status status="PASS" starttime="20210330 22:23:27.317" endtime="20210330 22:23:28.303"/>
</kw>
<status status="PASS" starttime="20210330 22:23:25.999" endtime="20210330 22:23:28.304"/>
</kw>
<kw name="Switch Window" library="SeleniumLibrary">
<arg>${WindowHandles}[0]</arg>
<doc>Switches to browser window matching ``locator``.</doc>
<status status="PASS" starttime="20210330 22:23:28.305" endtime="20210330 22:23:28.736"/>
</kw>
<kw name="Log" library="BuiltIn">
<arg>${WindowHandles}</arg>
<doc>Logs the given message with the given level.</doc>
<msg timestamp="20210330 22:23:28.737" level="INFO">['CDwindow-495981320814122A45C76B92E442E3DD', 'CDwindow-B41521BD7292561933B2DF4CAA5694BA']</msg>
<status status="PASS" starttime="20210330 22:23:28.737" endtime="20210330 22:23:28.737"/>
</kw>
<kw name="Scroll and Wait" library="LoginKeywords">
<kw name="Scroll Element Into View" library="SeleniumLibrary">
<arg>${submit}</arg>
<doc>Scrolls the element identified by ``locator`` into view.</doc>
<status status="PASS" starttime="20210330 22:23:28.738" endtime="20210330 22:23:29.222"/>
</kw>
<kw name="Wait Until Element Is Visible" library="SeleniumLibrary">
<arg>${upload_image}</arg>
<arg>2s</arg>
<doc>Waits until the element ``locator`` is visible.</doc>
<status status="PASS" starttime="20210330 22:23:29.222" endtime="20210330 22:23:29.453"/>
</kw>
<status status="PASS" starttime="20210330 22:23:28.738" endtime="20210330 22:23:29.453"/>
</kw>
<kw name="Upload Image" library="LoginKeywords">
<kw name="Choose File" library="SeleniumLibrary">
<arg>${file_path}</arg>
<arg>${image_path}</arg>
<doc>Inputs the ``file_path`` into the file input field ``locator``.</doc>
<msg timestamp="20210330 22:23:29.455" level="INFO">Sending C:\Users\user\PycharmProjects\LambdaTestCertificate\TestCase\jenkins.svg to browser.</msg>
<status status="PASS" starttime="20210330 22:23:29.454" endtime="20210330 22:23:29.710"/>
</kw>
<status status="PASS" starttime="20210330 22:23:29.454" endtime="20210330 22:23:29.710"/>
</kw>
<kw name="Sleep" library="BuiltIn">
<arg>2s</arg>
<doc>Pauses the test executed for the given time.</doc>
<msg timestamp="20210330 22:23:31.716" level="INFO">Slept 2 seconds</msg>
<status status="PASS" starttime="20210330 22:23:29.712" endtime="20210330 22:23:31.716"/>
</kw>
<kw name="Verify Image Alert" library="LoginKeywords">
<kw name="Alert Should Be Present" library="SeleniumLibrary">
<arg>${image_title}</arg>
<doc>Verifies that an alert is present and by default, accepts it.</doc>
<msg timestamp="20210330 22:23:31.719" level="INFO">HANDLE::&lt;class 'NoneType'&gt;::None</msg>
<status status="PASS" starttime="20210330 22:23:31.718" endtime="20210330 22:23:32.032"/>
</kw>
<status status="PASS" starttime="20210330 22:23:31.717" endtime="20210330 22:23:32.032"/>
</kw>
<kw name="Click Submit Button" library="LoginKeywords">
<kw name="Wait Until Element Is Visible" library="SeleniumLibrary">
<arg>${submit}</arg>
<doc>Waits until the element ``locator`` is visible.</doc>
<status status="PASS" starttime="20210330 22:23:32.033" endtime="20210330 22:23:32.267"/>
</kw>
<kw name="Click Button" library="SeleniumLibrary">
<arg>${submit}</arg>
<doc>Clicks the button identified by ``locator``.</doc>
<msg timestamp="20210330 22:23:32.268" level="INFO">Clicking button 'id:submit-button'.</msg>
<status status="PASS" starttime="20210330 22:23:32.268" endtime="20210330 22:23:32.852"/>
</kw>
<status status="PASS" starttime="20210330 22:23:32.033" endtime="20210330 22:23:32.852"/>
</kw>
<kw name="Verify Submit Form Message" library="LoginKeywords">
<kw name="Scroll Element Into View" library="SeleniumLibrary">
<arg>${form_title}</arg>
<doc>Scrolls the element identified by ``locator`` into view.</doc>
<status status="PASS" starttime="20210330 22:23:32.854" endtime="20210330 22:23:33.342"/>
</kw>
<kw name="Wait Until Page Contains" library="SeleniumLibrary">
<arg>${verify_submitMessage}</arg>
<arg>3s</arg>
<doc>Waits until ``text`` appears on the current page.</doc>
<status status="PASS" starttime="20210330 22:23:33.342" endtime="20210330 22:23:33.462"/>
</kw>
<kw name="Sleep" library="BuiltIn">
<arg>2s</arg>
<doc>Pauses the test executed for the given time.</doc>
<msg timestamp="20210330 22:23:35.466" level="INFO">Slept 2 seconds</msg>
<status status="PASS" starttime="20210330 22:23:33.462" endtime="20210330 22:23:35.466"/>
</kw>
<kw name="Close All Browsers" library="SeleniumLibrary">
<doc>Closes all open browsers and resets the browser cache.</doc>
<status status="PASS" starttime="20210330 22:23:35.466" endtime="20210330 22:23:37.670"/>
</kw>
<status status="PASS" starttime="20210330 22:23:32.853" endtime="20210330 22:23:37.670"/>
</kw>
<status status="PASS" starttime="20210330 22:23:10.362" endtime="20210330 22:23:37.671"/>
</test>
<status status="PASS" starttime="20210330 22:22:57.782" endtime="20210330 22:23:37.673"/>
</suite>
<statistics>
<total>
<stat pass="2" fail="0" skip="0">All Tests</stat>
</total>
<tag>
</tag>
<suite>
<stat pass="2" fail="0" skip="0" id="s1" name="Logintest">Logintest</stat>
</suite>
</statistics>
<errors>
</errors>
</robot>
